\BOOKMARK [0][-]{section*.2}{\376\377\000P\000h\000D\000\040\000T\000h\000e\000s\000i\000s\000\040\000E\000x\000a\000m\000i\000n\000a\000t\000i\000o\000n\000\040\000C\000o\000m\000m\000i\000t\000t\000e\000e}{}% 1
\BOOKMARK [0][-]{section*.3}{\376\377\000A\000b\000s\000t\000r\000a\000c\000t}{}% 2
\BOOKMARK [0][-]{section*.4}{\376\377\000P\000u\000b\000l\000i\000c\000a\000t\000i\000o\000n\000s}{}% 3
\BOOKMARK [0][-]{section*.5}{\376\377\000A\000c\000k\000n\000o\000w\000l\000e\000d\000g\000e\000m\000e\000n\000t\000s}{}% 4
\BOOKMARK [0][-]{chapter.9}{\376\377\000I\000n\000t\000r\000o\000d\000u\000c\000t\000i\000o\000n}{}% 5
\BOOKMARK [1][-]{section.10}{\376\377\000S\000t\000o\000r\000y\000\040\000T\000i\000m\000e}{chapter.9}% 6
\BOOKMARK [2][-]{subsection.13}{\376\377\000S\000u\000b\000s\000e\000c\000t\000i\000o\000n\000\040\0001}{section.10}% 7
\BOOKMARK [2][-]{subsection.14}{\376\377\000S\000u\000b\000s\000e\000c\000t\000i\000o\000n\000\040\0002}{section.10}% 8
\BOOKMARK [1][-]{section.15}{\376\377\000M\000a\000i\000n\000\040\000S\000e\000c\000t\000i\000o\000n\000\040\0002}{chapter.9}% 9
\BOOKMARK [0][-]{chapter.16}{\376\377\000P\000r\000e\000l\000i\000m\000i\000n\000a\000r\000i\000e\000s\000\040\000a\000n\000d\000\040\000N\000o\000t\000a\000t\000i\000o\000n}{}% 10
\BOOKMARK [1][-]{section.18}{\376\377\000N\000o\000t\000a\000t\000i\000o\000n\000\040\000G\000l\000o\000s\000s\000a\000r\000y}{chapter.16}% 11
\BOOKMARK [1][-]{section.20}{\376\377\000U\000n\000i\000v\000e\000r\000s\000a\000l\000\040\000C\000o\000a\000l\000g\000e\000b\000r\000a}{chapter.16}% 12
\BOOKMARK [2][-]{subsection.22}{\376\377\000C\000a\000t\000e\000g\000o\000r\000i\000e\000s\000\040\000a\000n\000d\000\040\000F\000u\000n\000c\000t\000o\000r\000s}{section.20}% 13
\BOOKMARK [2][-]{subsection.23}{\376\377\000F\000-\000c\000o\000a\000l\000g\000e\000b\000r\000a\000s\000\040\000a\000n\000d\000\040\000t\000h\000e\000i\000r\000\040\000H\000o\000m\000o\000m\000o\000r\000p\000h\000i\000s\000m\000s}{section.20}% 14
\BOOKMARK [2][-]{subsection.27}{\376\377\000A\000n\000a\000m\000o\000r\000p\000h\000i\000s\000m\000s\000\040\000a\000n\000d\000\040\000F\000i\000n\000a\000l\000\040\000F\000-\000C\000o\000a\000l\000g\000e\000b\000r\000a\000s}{section.20}% 15
\BOOKMARK [1][-]{section.28}{\376\377\000C\000o\000i\000n\000d\000u\000c\000t\000i\000o\000n}{chapter.16}% 16
\BOOKMARK [2][-]{subsection.29}{\376\377\000C\000o\000i\000n\000d\000u\000c\000t\000i\000o\000n\000\040\000P\000r\000o\000o\000f\000\040\000P\000r\000i\000n\000c\000i\000p\000l\000e}{section.28}% 17
\BOOKMARK [2][-]{subsection.30}{\376\377\000C\000o\000i\000n\000d\000u\000c\000t\000i\000v\000e\000\040\000D\000e\000f\000i\000n\000i\000t\000i\000o\000n\000s}{section.28}% 18
\BOOKMARK [1][-]{section.31}{\376\377\000S\000p\000e\000c\000t\000r\000e}{chapter.16}% 19
\BOOKMARK [2][-]{subsection.33}{\376\377\000S\000p\000e\000c\000t\000r\000e\000\040\000V\0001}{section.31}% 20
\BOOKMARK [2][-]{subsection.34}{\376\377\000S\000p\000e\000c\000t\000r\000e\000\040\000V\0002}{section.31}% 21
\BOOKMARK [1][-]{section.35}{\376\377\000C\000y\000b\000e\000r\000-\000P\000h\000y\000s\000i\000c\000a\000l\000\040\000S\000y\000s\000t\000e\000m}{chapter.16}% 22
\BOOKMARK [0][-]{chapter.37}{\376\377\000L\000a\000t\000e\000n\000t\000\040\000B\000e\000h\000a\000v\000i\000o\000u\000r\000s}{}% 23
\BOOKMARK [1][-]{section.39}{\376\377\000I\000n\000t\000r\000o\000d\000u\000c\000t\000i\000o\000n}{chapter.37}% 24
\BOOKMARK [1][-]{section.41}{\376\377\000M\000u\000t\000a\000t\000i\000o\000n\000\040\000F\000-\000c\000o\000a\000l\000g\000e\000b\000r\000a\000s}{chapter.37}% 25
\BOOKMARK [1][-]{section.42}{\376\377\000T\000h\000e\000\040\000L\000a\000t\000e\000n\000t\000\040\000B\000e\000h\000a\000v\000i\000o\000u\000r\000s\000\040\000o\000f\000\040\000F\000-\000c\000o\000a\000l\000g\000e\000b\000r\000a\000s}{chapter.37}% 26
\BOOKMARK [1][-]{section.58}{\376\377\000P\000o\000t\000e\000n\000t\000i\000a\000l\000\040\000S\000t\000r\000a\000t\000e\000g\000i\000e\000s}{chapter.37}% 27
\BOOKMARK [0][-]{chapter.66}{\376\377\000S\000i\000d\000e\000-\000C\000h\000a\000n\000n\000e\000l\000\040\000R\000e\000p\000a\000i\000r}{}% 28
\BOOKMARK [1][-]{section.67}{\376\377\000G\000e\000n\000e\000r\000a\000l\000\040\000I\000d\000e\000a}{chapter.66}% 29
\BOOKMARK [1][-]{section.68}{\376\377\000R\000e\000l\000a\000t\000e\000d\000\040\000w\000o\000r\000k\000\040\000a\000n\000d\000\040\000h\000o\000w\000\040\000d\000o\000\040\000w\000e\000\040\000d\000i\000s\000t\000i\000n\000g\000u\000i\000s\000h\000\040\000f\000r\000o\000m\000\040\000t\000h\000e\000m}{chapter.66}% 30
\BOOKMARK [1][-]{section.70}{\376\377\000C\000T\000P\000\040\000\050\000C\000r\000y\000p\000t\000o\000c\000o\000d\000i\000n\000g\000\051\000\040\000A\000x\000i\000o\000m\000s\000,\000\040\000a\000n\000d\000\040\000o\000u\000r\000\040\000s\000o\000l\000u\000t\000i\000o\000n}{chapter.66}% 31
\BOOKMARK [1][-]{section.72}{\376\377\000F\000o\000r\000m\000a\000l\000i\000s\000a\000t\000i\000o\000n}{chapter.66}% 32
\BOOKMARK [2][-]{subsection.74}{\376\377\000L\000a\000n\000g\000u\000a\000g\000e\000-\000B\000a\000s\000e\000d\000\040\000S\000e\000m\000a\000n\000t\000i\000c\000s\000\040\000C\000T\000P}{section.72}% 33
\BOOKMARK [1][-]{section.90}{\376\377\000T\000h\000e\000\040\000I\000M\000P\000\040\000L\000a\000n\000g\000u\000a\000g\000e}{chapter.66}% 34
\BOOKMARK [1][-]{section.92}{\376\377\000M\000e\000m\000o\000r\000y\000\040\000F\000o\000o\000t\000p\000r\000i\000n\000t\000\040\000f\000o\000r\000\040\000t\000h\000e\000\040\000I\000M\000P\000\040\000L\000a\000n\000g\000u\000a\000g\000e}{chapter.66}% 35
\BOOKMARK [2][-]{subsection.93}{\376\377\000S\000e\000c\000u\000r\000e\000\040\000C\000o\000n\000s\000t\000a\000n\000t\000\040\000M\000e\000m\000o\000r\000y}{section.92}% 36
\BOOKMARK [1][-]{section.94}{\376\377\000T\000h\000e\000\040\000I\000M\000P\000\040\000L\000a\000n\000g\000u\000a\000g\000e\000\040\000w\000i\000t\000h\000\040\000D\000i\000v\000i\000s\000i\000o\000n}{chapter.66}% 37
\BOOKMARK [2][-]{subsection.96}{\376\377\000E\000x\000a\000m\000p\000l\000e\000s\000\040\000o\000f\000\040\000S\000i\000d\000e\000\040\000C\000h\000a\000n\000n\000e\000l\000\040\000A\000t\000t\000a\000c\000k\000s}{section.94}% 38
\BOOKMARK [2][-]{subsection.97}{\376\377\000T\000r\000a\000n\000s\000f\000o\000r\000m\000a\000t\000i\000o\000n\000s\000\040\000R\000u\000l\000e\000s\000\040\000f\000o\000r\000\040\000C\000T\000P\000\040\000i\000n\000\040\000I\000M\000P}{section.94}% 39
\BOOKMARK [1][-]{section.102}{\376\377\000T\000a\000i\000n\000t\000\040\000A\000n\000a\000l\000y\000s\000i\000s}{chapter.66}% 40
\BOOKMARK [1][-]{section.104}{\376\377\000T\000h\000e\000\040\000E\000n\000f\000o\000r\000c\000e\000m\000e\000n\000t\000\040\000A\000l\000g\000o\000r\000i\000t\000h\000m}{chapter.66}% 41
\BOOKMARK [2][-]{subsection.106}{\376\377\000P\000r\000e\000m\000i\000s\000e\000s\000\040\000B\000e\000h\000i\000n\000d\000\040\000t\000h\000e\000\040\000E\000n\000f\000o\000r\000c\000e\000m\000e\000n\000t\000\040\000A\000l\000g\000o\000r\000i\000t\000h\000m}{section.104}% 42
\BOOKMARK [2][-]{subsection.108}{\376\377\000A\000n\000\040\000L\000L\000V\000M\000\040\000P\000r\000i\000m\000e\000r}{section.104}% 43
\BOOKMARK [2][-]{subsection.111}{\376\377\000T\000h\000e\000\040\000L\000i\000n\000e\000a\000r\000i\000s\000e\000\040\000A\000l\000g\000o\000r\000i\000t\000h\000m}{section.104}% 44
\BOOKMARK [2][-]{subsection.115}{\376\377\000A\000\040\000P\000r\000e\000m\000i\000s\000e\000\040\000f\000o\000r\000\040\000E\000f\000f\000i\000c\000i\000e\000n\000t\000\040\000R\000e\000p\000a\000i\000r\000e\000d\000\040\000C\000o\000d\000e}{section.104}% 45
\BOOKMARK [2][-]{subsection.116}{\376\377\000E\000n\000f\000o\000r\000c\000i\000n\000g\000\040\000S\000a\000f\000e\000\040\000B\000e\000h\000a\000v\000i\000o\000u\000r}{section.104}% 46
\BOOKMARK [2][-]{subsection.121}{\376\377\000A\000\040\000G\000K\000A\000T\000\040\000t\000o\000\040\000C\000o\000r\000r\000e\000c\000t\000l\000y\000\040\000U\000n\000w\000i\000n\000d\000\040\000B\000a\000s\000i\000c\000\040\000B\000l\000o\000c\000k\000\040\000L\000o\000o\000p\000s}{section.104}% 47
\BOOKMARK [2][-]{subsection.126}{\376\377\000T\000y\000p\000e\000s}{section.104}% 48
\BOOKMARK [2][-]{subsection.131}{\376\377\000I\000n\000s\000t\000r\000u\000c\000t\000i\000o\000n\000s}{section.104}% 49
\BOOKMARK [2][-]{subsection.133}{\376\377\000C\000e\000n\000t\000r\000a\000l\000\040\000i\000d\000e\000a}{section.104}% 50
\BOOKMARK [2][-]{subsection.135}{\376\377\000S\000u\000b\000s\000e\000c\000t\000i\000o\000n\000\040\0001}{section.104}% 51
\BOOKMARK [2][-]{subsection.136}{\376\377\000S\000u\000b\000s\000e\000c\000t\000i\000o\000n\000\040\0002}{section.104}% 52
\BOOKMARK [1][-]{section.137}{\376\377\000M\000a\000i\000n\000\040\000S\000e\000c\000t\000i\000o\000n\000\040\0002}{chapter.66}% 53
\BOOKMARK [0][-]{chapter.138}{\376\377\000F\000i\000r\000s\000t\000\040\000c\000h\000a\000p\000t\000e\000r\000\040\000i\000\040\000\040}{}% 54
\BOOKMARK [1][-]{section.139}{\376\377\000W\000e\000l\000c\000o\000m\000e\000\040\000a\000n\000d\000\040\000T\000h\000a\000n\000k\000\040\000Y\000o\000u}{chapter.138}% 55
\BOOKMARK [1][-]{section.140}{\376\377\000L\000e\000a\000r\000n\000i\000n\000g\000\040\000L\000a\000T\000e\000X}{chapter.138}% 56
\BOOKMARK [2][-]{subsection.141}{\376\377\000A\000\040\000\050\000n\000o\000t\000\040\000s\000o\000\040\000s\000h\000o\000r\000t\000\051\000\040\000I\000n\000t\000r\000o\000d\000u\000c\000t\000i\000o\000n\000\040\000t\000o\000\040\000L\000a\000T\000e\000X}{section.140}% 57
\BOOKMARK [2][-]{subsection.142}{\376\377\000A\000\040\000S\000h\000o\000r\000t\000\040\000M\000a\000t\000h\000\040\000G\000u\000i\000d\000e\000\040\000f\000o\000r\000\040\000L\000a\000T\000e\000X}{section.140}% 58
\BOOKMARK [2][-]{subsection.143}{\376\377\000C\000o\000m\000m\000o\000n\000\040\000L\000a\000T\000e\000X\000\040\000M\000a\000t\000h\000\040\000S\000y\000m\000b\000o\000l\000s}{section.140}% 59
\BOOKMARK [2][-]{subsection.144}{\376\377\000L\000a\000T\000e\000X\000\040\000o\000n\000\040\000a\000\040\000M\000a\000c}{section.140}% 60
\BOOKMARK [1][-]{section.145}{\376\377\000G\000e\000t\000t\000i\000n\000g\000\040\000S\000t\000a\000r\000t\000e\000d\000\040\000w\000i\000t\000h\000\040\000t\000h\000i\000s\000\040\000T\000e\000m\000p\000l\000a\000t\000e}{chapter.138}% 61
\BOOKMARK [2][-]{subsection.146}{\376\377\000A\000b\000o\000u\000t\000\040\000t\000h\000i\000s\000\040\000T\000e\000m\000p\000l\000a\000t\000e}{section.145}% 62
\BOOKMARK [1][-]{section.147}{\376\377\000W\000h\000a\000t\000\040\000t\000h\000i\000s\000\040\000T\000e\000m\000p\000l\000a\000t\000e\000\040\000I\000n\000c\000l\000u\000d\000e\000s}{chapter.138}% 63
\BOOKMARK [2][-]{subsection.148}{\376\377\000F\000o\000l\000d\000e\000r\000s}{section.147}% 64
\BOOKMARK [2][-]{subsection.149}{\376\377\000F\000i\000l\000e\000s}{section.147}% 65
\BOOKMARK [1][-]{section.150}{\376\377\000F\000i\000l\000l\000i\000n\000g\000\040\000i\000n\000\040\000Y\000o\000u\000r\000\040\000I\000n\000f\000o\000r\000m\000a\000t\000i\000o\000n\000\040\000i\000n\000\040\000t\000h\000e\000\040\000m\000a\000i\000n\000.\000t\000e\000x\000\040\000F\000i\000l\000e}{chapter.138}% 66
\BOOKMARK [1][-]{section.151}{\376\377\000T\000h\000e\000\040\000m\000a\000i\000n\000.\000t\000e\000x\000\040\000F\000i\000l\000e\000\040\000E\000x\000p\000l\000a\000i\000n\000e\000d}{chapter.138}% 67
\BOOKMARK [1][-]{section.152}{\376\377\000T\000h\000e\000s\000i\000s\000\040\000F\000e\000a\000t\000u\000r\000e\000s\000\040\000a\000n\000d\000\040\000C\000o\000n\000v\000e\000n\000t\000i\000o\000n\000s}{chapter.138}% 68
\BOOKMARK [2][-]{subsection.153}{\376\377\000P\000r\000i\000n\000t\000i\000n\000g\000\040\000F\000o\000r\000m\000a\000t}{section.152}% 69
\BOOKMARK [2][-]{subsection.154}{\376\377\000U\000s\000i\000n\000g\000\040\000U\000S\000\040\000L\000e\000t\000t\000e\000r\000\040\000P\000a\000p\000e\000r}{section.152}% 70
\BOOKMARK [2][-]{subsection.155}{\376\377\000R\000e\000f\000e\000r\000e\000n\000c\000e\000s}{section.152}% 71
\BOOKMARK [3][-]{section*.157}{\376\377\000A\000\040\000N\000o\000t\000e\000\040\000o\000n\000\040\000b\000i\000b\000t\000e\000x}{subsection.155}% 72
\BOOKMARK [2][-]{subsection.158}{\376\377\000T\000a\000b\000l\000e\000s}{section.152}% 73
\BOOKMARK [2][-]{subsection.160}{\376\377\000F\000i\000g\000u\000r\000e\000s}{section.152}% 74
\BOOKMARK [2][-]{subsection.162}{\376\377\000T\000y\000p\000e\000s\000e\000t\000t\000i\000n\000g\000\040\000m\000a\000t\000h\000e\000m\000a\000t\000i\000c\000s}{section.152}% 75
\BOOKMARK [1][-]{section.164}{\376\377\000S\000e\000c\000t\000i\000o\000n\000i\000n\000g\000\040\000a\000n\000d\000\040\000S\000u\000b\000s\000e\000c\000t\000i\000o\000n\000i\000n\000g}{chapter.138}% 76
\BOOKMARK [1][-]{section.165}{\376\377\000I\000n\000\040\000C\000l\000o\000s\000i\000n\000g}{chapter.138}% 77
\BOOKMARK [0][-]{appendix.166}{\376\377\000A\000p\000p\000e\000n\000d\000i\000x\000\040\000T\000i\000t\000l\000e\000\040\000H\000e\000r\000e}{}% 78
\BOOKMARK [0][-]{appendix*.167}{\376\377\000B\000i\000b\000l\000i\000o\000g\000r\000a\000p\000h\000y}{}% 79
